Content-Type: text/plain; charset="utf-8"
MIME-Version: 1.0
Content-Transfer-Encoding: 8bit
Subject: 
 =?utf-8?q?=F0=9F=93=85_Your_Schedule_for_Monday=2C_December_15=2C_2025?=
From: ClassWave <noreply@classwave.com>
To: anushamudhiraj7687@gmail.com
Date: Sat, 13 Dec 2025 05:06:16 -0000
Message-ID: <176560237674.20512.11977769950535487868@manisha>


📅 YOUR SCHEDULE FOR Monday, December 15, 2025

You have 5 classes today:


1. Android Application Development
   📚 Topic: Listening the content of a directory shared preferences creating shared perferences
   ⏰ Time: 09:30 AM - 10:25 AM
   👨‍🏫 Lecturer: Mehrunissa
   📍 Department: MCA
   🎓 Batch: 2024-2026


2. Operation Research
   📚 Topic: PERT and CPM-Introduction, difference between PERT and CPM
   ⏰ Time: 10:25 AM - 11:20 AM
   👨‍🏫 Lecturer: Mr.G.Patrick
   📍 Department: MCA
   🎓 Batch: 2024-2026


3. Internet Technologies
   📚 Topic: components,modules
   ⏰ Time: 11:20 AM - 12:15 PM
   👨‍🏫 Lecturer: Kavitha
   📍 Department: MCA
   🎓 Batch: 2024-2026


4. Information Security
   📚 Topic: intrusion detection and prevention systems
   ⏰ Time: 01:00 PM - 01:55 PM
   👨‍🏫 Lecturer: Mehrunissa
   📍 Department: MCA
   🎓 Batch: 2024-2026


5. Software Engineering
   📚 Topic: Testing strategies for convolutional software,Validation testing,System testing
   ⏰ Time: 01:55 PM - 02:50 PM
   👨‍🏫 Lecturer: Sirisha
   📍 Department: MCA
   🎓 Batch: 2024-2026


💡 Tip: Check your calendar for more details!

Have a great day! 🎓

-------------------------------------------------------------------------------
