Content-Type: text/plain; charset="utf-8"
MIME-Version: 1.0
Content-Transfer-Encoding: 8bit
Subject: 
 =?utf-8?q?=F0=9F=93=85_Your_Schedule_for_Thursday=2C_December_11=2C_2025?=
From: ClassWave <noreply@classwave.com>
To: revathiadulla@gmail.com
Date: Sat, 13 Dec 2025 04:54:10 -0000
Message-ID: <176560165057.22216.9838239776379083612@manisha>


📅 YOUR SCHEDULE FOR Thursday, December 11, 2025

You have 3 classes today:


1. Operation Research
   📚 Topic: Testing Real Email Sending
   ⏰ Time: 09:30 AM - 10:25 AM
   👨‍🏫 Lecturer: Mr.G.Patrick
   📍 Department: MCA
   🎓 Batch: 2024-2026


2. Android Application Development
   📚 Topic: Persistent Storage using application specific folders and files,creating files, reading data from files
   ⏰ Time: 10:25 AM - 11:20 AM
   👨‍🏫 Lecturer: Mehrunissa
   📍 Department: MCA
   🎓 Batch: 2024-2026


3. Deep Learning
   📚 Topic: single shot multiboxdetection(SSD), region based cnns(R-cnns)
   ⏰ Time: 01:00 PM - 03:45 PM
   👨‍🏫 Lecturer: DLPrasad
   📍 Department: MCA
   🎓 Batch: 2024-2026


💡 Tip: Check your calendar for more details!

Have a great day! 🎓

-------------------------------------------------------------------------------
