Content-Type: text/plain; charset="utf-8"
MIME-Version: 1.0
Content-Transfer-Encoding: 8bit
Subject: =?utf-8?q?=F0=9F=93=85_Schedule_Update=3A_Operation_Research?=
From: ClassWave <noreply@classwave.com>
To: revathiadulla@gmail.com
Date: Thu, 11 Dec 2025 03:29:36 -0000
Message-ID: <176542377673.21784.15076343397545942575@manisha>

⚠️ SCHEDULE UPDATE ALERT ⚠️

A schedule you're enrolled in has been updated!

Subject: Operation Research
Topic: Testing Real Email Sending
New Date: December 11, 2025
New Time: 09:30 AM - 10:25 AM
Lecturer: Mr.G.Patrick

Changes Made:
  • Topic: UPDATED FOR NEW STUDENT: UPDATED FOR ALL: UPDATED: Adva → Testing Real Email Sending

Please check your schedule and adjust your plans accordingly.

Best regards,
ClassWave Team 🔔
-------------------------------------------------------------------------------
