Content-Type: text/plain; charset="utf-8"
MIME-Version: 1.0
Content-Transfer-Encoding: 8bit
Subject: =?utf-8?q?=F0=9F=93=85_Schedule_Update=3A_Operation_Research?=
From: ClassWave <velmalaanjalivelmala@gmail.com>
To: phularivaishnavi2004@gmail.com
Date: Sat, 13 Dec 2025 06:42:28 -0000
Message-ID: <176560814830.20296.6448212957882803312@manisha>

⚠️ SCHEDULE UPDATE ALERT ⚠️

A schedule you're enrolled in has been updated!

Subject: Operation Research
Topic: critical path analysis
New Date: December 22, 2025
New Time: 10:25 AM - 11:20 AM
Lecturer: Mr.G.Patrick

Changes Made:
  • Date: 2025-12-19 → 2025-12-22

Please check your schedule and adjust your plans accordingly.

Best regards,
ClassWave Team 🔔
-------------------------------------------------------------------------------
Content-Type: text/plain; charset="utf-8"
MIME-Version: 1.0
Content-Transfer-Encoding: 8bit
Subject: =?utf-8?q?=F0=9F=93=85_Schedule_Update=3A_Operation_Research?=
From: ClassWave <velmalaanjalivelmala@gmail.com>
To: revathiadulla@gmail.com
Date: Sat, 13 Dec 2025 06:42:28 -0000
Message-ID: <176560814831.20296.1445027366755726526@manisha>

⚠️ SCHEDULE UPDATE ALERT ⚠️

A schedule you're enrolled in has been updated!

Subject: Operation Research
Topic: critical path analysis
New Date: December 22, 2025
New Time: 10:25 AM - 11:20 AM
Lecturer: Mr.G.Patrick

Changes Made:
  • Date: 2025-12-19 → 2025-12-22

Please check your schedule and adjust your plans accordingly.

Best regards,
ClassWave Team 🔔
-------------------------------------------------------------------------------
Content-Type: text/plain; charset="utf-8"
MIME-Version: 1.0
Content-Transfer-Encoding: 8bit
Subject: =?utf-8?q?=F0=9F=93=85_Schedule_Update=3A_Operation_Research?=
From: ClassWave <velmalaanjalivelmala@gmail.com>
To: anushamudhiraj7687@gmail.com
Date: Sat, 13 Dec 2025 06:42:28 -0000
Message-ID: <176560814833.20296.14896628983642282851@manisha>

⚠️ SCHEDULE UPDATE ALERT ⚠️

A schedule you're enrolled in has been updated!

Subject: Operation Research
Topic: critical path analysis
New Date: December 22, 2025
New Time: 10:25 AM - 11:20 AM
Lecturer: Mr.G.Patrick

Changes Made:
  • Date: 2025-12-19 → 2025-12-22

Please check your schedule and adjust your plans accordingly.

Best regards,
ClassWave Team 🔔
-------------------------------------------------------------------------------
