Content-Type: text/plain; charset="utf-8"
MIME-Version: 1.0
Content-Transfer-Encoding: 7bit
Subject: =?utf-8?q?=E2=8F=B0_Future_Scheduling_Test_-_B=2EAnusha?=
From: ClassWave <velmalaanjalivelmala@gmail.com>
To: anushamudhiraj7687@gmail.com
Date: Sat, 13 Dec 2025 15:50:13 -0000
Message-ID: <176564101320.7540.12091305616385272021@manisha>


        Reminder: You have a class scheduled!
        
        Date: December 11, 2025
        Time: 01:00 PM - 03:45 PM
        Subject: Deep Learning
        Topic: single shot multiboxdetection(SSD), region based cnns(R-cnns)
        Lecturer: DLPrasad
        
-------------------------------------------------------------------------------
Content-Type: text/plain; charset="utf-8"
MIME-Version: 1.0
Content-Transfer-Encoding: 7bit
Subject: =?utf-8?q?=E2=8F=B0_Future_Scheduling_Test_-_B=2EAnusha?=
From: ClassWave <velmalaanjalivelmala@gmail.com>
To: anushamudhiraj7687@gmail.com
Date: Sat, 13 Dec 2025 15:50:13 -0000
Message-ID: <176564101323.7540.1256259548928689854@manisha>


        Reminder: You have a class scheduled!
        
        Date: December 11, 2025
        Time: 10:25 AM - 11:20 AM
        Subject: Android Application Development
        Topic: Persistent Storage using application specific folders and files,creating files, reading data from files
        Lecturer: Mehrunissa
        
-------------------------------------------------------------------------------
