Content-Type: text/plain; charset="utf-8"
MIME-Version: 1.0
Content-Transfer-Encoding: 8bit
Subject: =?utf-8?q?=F0=9F=93=85_Schedule_Update=3A_Operation_Research?=
From: ClassWave <velmalaanjalivelmala@gmail.com>
To: pranayayadav11@gmail.com
Date: Sat, 13 Dec 2025 06:41:35 -0000
Message-ID: <176560809567.20296.16494081150340712998@manisha>

⚠️ SCHEDULE UPDATE ALERT ⚠️

A schedule you're enrolled in has been updated!

Subject: Operation Research
Topic: PERT and CPM-Introduction, difference between PERT and CPM
New Date: December 17, 2025
New Time: 10:25 AM - 11:20 AM
Lecturer: Mr.G.Patrick

Changes Made:
  • Date: 2025-12-15 → 2025-12-17

Please check your schedule and adjust your plans accordingly.

Best regards,
ClassWave Team 🔔
-------------------------------------------------------------------------------
