Content-Type: text/plain; charset="utf-8"
MIME-Version: 1.0
Content-Transfer-Encoding: 8bit
Subject: =?utf-8?q?=F0=9F=93=85_Schedule_Update=3A_Internet_Technologies?=
From: ClassWave <velmalaanjalivelmala@gmail.com>
To: phularivaishnavi2004@gmail.com
Date: Sat, 13 Dec 2025 06:52:37 -0000
Message-ID: <176560875787.20296.8492744162405135225@manisha>

⚠️ SCHEDULE UPDATE ALERT ⚠️

A schedule you're enrolled in has been updated!

Subject: Internet Technologies
Topic: Data binding, Event binding
New Date: December 19, 2025
New Time: 09:30 AM - 10:25 AM
Lecturer: Kavitha

Changes Made:
  • Date: 2025-12-17 → 2025-12-19

Please check your schedule and adjust your plans accordingly.

Best regards,
ClassWave Team 🔔
-------------------------------------------------------------------------------
Content-Type: text/plain; charset="utf-8"
MIME-Version: 1.0
Content-Transfer-Encoding: 8bit
Subject: =?utf-8?q?=F0=9F=93=85_Schedule_Update=3A_Internet_Technologies?=
From: ClassWave <velmalaanjalivelmala@gmail.com>
To: revathiadulla@gmail.com
Date: Sat, 13 Dec 2025 06:52:37 -0000
Message-ID: <176560875787.20296.3398128518791051869@manisha>

⚠️ SCHEDULE UPDATE ALERT ⚠️

A schedule you're enrolled in has been updated!

Subject: Internet Technologies
Topic: Data binding, Event binding
New Date: December 19, 2025
New Time: 09:30 AM - 10:25 AM
Lecturer: Kavitha

Changes Made:
  • Date: 2025-12-17 → 2025-12-19

Please check your schedule and adjust your plans accordingly.

Best regards,
ClassWave Team 🔔
-------------------------------------------------------------------------------
Content-Type: text/plain; charset="utf-8"
MIME-Version: 1.0
Content-Transfer-Encoding: 8bit
Subject: =?utf-8?q?=F0=9F=93=85_Schedule_Update=3A_Internet_Technologies?=
From: ClassWave <velmalaanjalivelmala@gmail.com>
To: anushamudhiraj7687@gmail.com
Date: Sat, 13 Dec 2025 06:52:37 -0000
Message-ID: <176560875788.20296.1147541817628895250@manisha>

⚠️ SCHEDULE UPDATE ALERT ⚠️

A schedule you're enrolled in has been updated!

Subject: Internet Technologies
Topic: Data binding, Event binding
New Date: December 19, 2025
New Time: 09:30 AM - 10:25 AM
Lecturer: Kavitha

Changes Made:
  • Date: 2025-12-17 → 2025-12-19

Please check your schedule and adjust your plans accordingly.

Best regards,
ClassWave Team 🔔
-------------------------------------------------------------------------------
