Content-Type: text/plain; charset="utf-8"
MIME-Version: 1.0
Content-Transfer-Encoding: 7bit
Subject: =?utf-8?q?=E2=8F=B0_Future_Scheduling_Test_-_A=2ERevathi?=
From: ClassWave <velmalaanjalivelmala@gmail.com>
To: revathiadulla@gmail.com
Date: Sat, 13 Dec 2025 15:50:13 -0000
Message-ID: <176564101370.7540.16067641529041922697@manisha>


        Reminder: You have a class scheduled!
        
        Date: December 11, 2025
        Time: 10:25 AM - 11:20 AM
        Subject: Android Application Development
        Topic: Persistent Storage using application specific folders and files,creating files, reading data from files
        Lecturer: Mehrunissa
        
-------------------------------------------------------------------------------
Content-Type: text/plain; charset="utf-8"
MIME-Version: 1.0
Content-Transfer-Encoding: 7bit
Subject: =?utf-8?q?=E2=8F=B0_Future_Scheduling_Test_-_vaishnavi?=
From: ClassWave <velmalaanjalivelmala@gmail.com>
To: phularivaishnavi2004@gmail.com
Date: Sat, 13 Dec 2025 15:50:13 -0000
Message-ID: <176564101389.7540.7634147871651362181@manisha>


        Reminder: You have a class scheduled!
        
        Date: December 12, 2025
        Time: 09:30 AM - 10:25 AM
        Subject: Android Application Development
        Topic: Listening the content of a directory shared preferences creating shared perferences
        Lecturer: Mehrunissa
        
-------------------------------------------------------------------------------
