Content-Type: text/plain; charset="utf-8"
MIME-Version: 1.0
Content-Transfer-Encoding: 7bit
Subject: =?utf-8?q?=E2=8F=B0_Future_Scheduling_Test_-_A=2ERevathi?=
From: ClassWave <velmalaanjalivelmala@gmail.com>
To: revathiadulla@gmail.com
Date: Sat, 13 Dec 2025 15:50:13 -0000
Message-ID: <176564101374.7540.2290724143678639745@manisha>


        Reminder: You have a class scheduled!
        
        Date: December 11, 2025
        Time: 09:30 AM - 10:25 AM
        Subject: Operation Research
        Topic: Introduction, applications of dynamic programming-Cargo Loading & capital budgeting
        Lecturer: Mr.G.Patrick
        
-------------------------------------------------------------------------------
Content-Type: text/plain; charset="utf-8"
MIME-Version: 1.0
Content-Transfer-Encoding: 7bit
Subject: =?utf-8?q?=E2=8F=B0_Future_Scheduling_Test_-_vaishnavi?=
From: ClassWave <velmalaanjalivelmala@gmail.com>
To: phularivaishnavi2004@gmail.com
Date: Sat, 13 Dec 2025 15:50:13 -0000
Message-ID: <176564101391.7540.9508371856517262259@manisha>


        Reminder: You have a class scheduled!
        
        Date: December 11, 2025
        Time: 01:00 PM - 03:45 PM
        Subject: Deep Learning
        Topic: single shot multiboxdetection(SSD), region based cnns(R-cnns)
        Lecturer: DLPrasad
        
-------------------------------------------------------------------------------
