Content-Type: text/plain; charset="utf-8"
MIME-Version: 1.0
Content-Transfer-Encoding: 8bit
Subject: =?utf-8?q?=F0=9F=93=85_Schedule_Update=3A_Deep_Learning?=
From: ClassWave <velmalaanjalivelmala@gmail.com>
To: phularivaishnavi2004@gmail.com
Date: Sat, 13 Dec 2025 06:33:07 -0000
Message-ID: <176560758791.20296.8651044905800548818@manisha>

⚠️ SCHEDULE UPDATE ALERT ⚠️

A schedule you're enrolled in has been updated!

Subject: Deep Learning
Topic: Deep Convolutional generative adversarial networks
New Date: December 23, 2025
New Time: 09:30 AM - 10:25 AM
Lecturer: DLPrasad

Changes Made:
  • Date: 2025-12-20 → 2025-12-23

Please check your schedule and adjust your plans accordingly.

Best regards,
ClassWave Team 🔔
-------------------------------------------------------------------------------
Content-Type: text/plain; charset="utf-8"
MIME-Version: 1.0
Content-Transfer-Encoding: 8bit
Subject: =?utf-8?q?=F0=9F=93=85_Schedule_Update=3A_Deep_Learning?=
From: ClassWave <velmalaanjalivelmala@gmail.com>
To: pranayayadav11@gmail.com
Date: Sat, 13 Dec 2025 06:33:07 -0000
Message-ID: <176560758793.20296.6340564242548756913@manisha>

⚠️ SCHEDULE UPDATE ALERT ⚠️

A schedule you're enrolled in has been updated!

Subject: Deep Learning
Topic: Deep Convolutional generative adversarial networks
New Date: December 23, 2025
New Time: 09:30 AM - 10:25 AM
Lecturer: DLPrasad

Changes Made:
  • Date: 2025-12-20 → 2025-12-23

Please check your schedule and adjust your plans accordingly.

Best regards,
ClassWave Team 🔔
-------------------------------------------------------------------------------
