Content-Type: text/plain; charset="utf-8"
MIME-Version: 1.0
Content-Transfer-Encoding: 8bit
Subject: 
 =?utf-8?q?=F0=9F=93=85_Schedule_Update=3A_Android_Application_Development?=
From: ClassWave <velmalaanjalivelmala@gmail.com>
To: phularivaishnavi2004@gmail.com
Date: Sat, 13 Dec 2025 06:44:42 -0000
Message-ID: <176560828240.20296.16165991380143856157@manisha>

⚠️ SCHEDULE UPDATE ALERT ⚠️

A schedule you're enrolled in has been updated!

Subject: Android Application Development
Topic: Listening the content of a directory shared preferences creating shared perferences
New Date: December 17, 2025
New Time: 09:30 AM - 10:25 AM
Lecturer: Mehrunissa

Changes Made:
  • Date: 2025-12-15 → 2025-12-17

Please check your schedule and adjust your plans accordingly.

Best regards,
ClassWave Team 🔔
-------------------------------------------------------------------------------
Content-Type: text/plain; charset="utf-8"
MIME-Version: 1.0
Content-Transfer-Encoding: 8bit
Subject: 
 =?utf-8?q?=F0=9F=93=85_Schedule_Update=3A_Android_Application_Development?=
From: ClassWave <velmalaanjalivelmala@gmail.com>
To: revathiadulla@gmail.com
Date: Sat, 13 Dec 2025 06:44:42 -0000
Message-ID: <176560828241.20296.2371087091087186544@manisha>

⚠️ SCHEDULE UPDATE ALERT ⚠️

A schedule you're enrolled in has been updated!

Subject: Android Application Development
Topic: Listening the content of a directory shared preferences creating shared perferences
New Date: December 17, 2025
New Time: 09:30 AM - 10:25 AM
Lecturer: Mehrunissa

Changes Made:
  • Date: 2025-12-15 → 2025-12-17

Please check your schedule and adjust your plans accordingly.

Best regards,
ClassWave Team 🔔
-------------------------------------------------------------------------------
Content-Type: text/plain; charset="utf-8"
MIME-Version: 1.0
Content-Transfer-Encoding: 8bit
Subject: 
 =?utf-8?q?=F0=9F=93=85_Schedule_Update=3A_Android_Application_Development?=
From: ClassWave <velmalaanjalivelmala@gmail.com>
To: pranayayadav11@gmail.com
Date: Sat, 13 Dec 2025 06:44:42 -0000
Message-ID: <176560828241.20296.16886890667657571359@manisha>

⚠️ SCHEDULE UPDATE ALERT ⚠️

A schedule you're enrolled in has been updated!

Subject: Android Application Development
Topic: Listening the content of a directory shared preferences creating shared perferences
New Date: December 17, 2025
New Time: 09:30 AM - 10:25 AM
Lecturer: Mehrunissa

Changes Made:
  • Date: 2025-12-15 → 2025-12-17

Please check your schedule and adjust your plans accordingly.

Best regards,
ClassWave Team 🔔
-------------------------------------------------------------------------------
Content-Type: text/plain; charset="utf-8"
MIME-Version: 1.0
Content-Transfer-Encoding: 8bit
Subject: 
 =?utf-8?q?=F0=9F=93=85_Schedule_Update=3A_Android_Application_Development?=
From: ClassWave <velmalaanjalivelmala@gmail.com>
To: anushamudhiraj7687@gmail.com
Date: Sat, 13 Dec 2025 06:44:42 -0000
Message-ID: <176560828242.20296.2291582623977791312@manisha>

⚠️ SCHEDULE UPDATE ALERT ⚠️

A schedule you're enrolled in has been updated!

Subject: Android Application Development
Topic: Listening the content of a directory shared preferences creating shared perferences
New Date: December 17, 2025
New Time: 09:30 AM - 10:25 AM
Lecturer: Mehrunissa

Changes Made:
  • Date: 2025-12-15 → 2025-12-17

Please check your schedule and adjust your plans accordingly.

Best regards,
ClassWave Team 🔔
-------------------------------------------------------------------------------
