Content-Type: text/plain; charset="utf-8"
MIME-Version: 1.0
Content-Transfer-Encoding: 7bit
Subject: =?utf-8?q?=E2=8F=B0_Future_Scheduling_Test_-_PranayaYadav?=
From: ClassWave <velmalaanjalivelmala@gmail.com>
To: pranayayadav11@gmail.com
Date: Sat, 13 Dec 2025 15:50:13 -0000
Message-ID: <176564101341.7540.4147233680966124072@manisha>


        Reminder: You have a class scheduled!
        
        Date: December 11, 2025
        Time: 01:00 PM - 03:45 PM
        Subject: Deep Learning
        Topic: single shot multiboxdetection(SSD), region based cnns(R-cnns)
        Lecturer: DLPrasad
        
-------------------------------------------------------------------------------
Content-Type: text/plain; charset="utf-8"
MIME-Version: 1.0
Content-Transfer-Encoding: 7bit
Subject: =?utf-8?q?=E2=8F=B0_Future_Scheduling_Test_-_PranayaYadav?=
From: ClassWave <velmalaanjalivelmala@gmail.com>
To: pranayayadav11@gmail.com
Date: Sat, 13 Dec 2025 15:50:13 -0000
Message-ID: <176564101342.7540.15240071425911574845@manisha>


        Reminder: You have a class scheduled!
        
        Date: December 11, 2025
        Time: 10:25 AM - 11:20 AM
        Subject: Android Application Development
        Topic: Persistent Storage using application specific folders and files,creating files, reading data from files
        Lecturer: Mehrunissa
        
-------------------------------------------------------------------------------
