Content-Type: text/plain; charset="utf-8"
MIME-Version: 1.0
Content-Transfer-Encoding: 8bit
Subject: =?utf-8?q?=F0=9F=93=85_Schedule_Update=3A_Test_Subject?=
From: ClassWave <velmalaanjalivelmala@gmail.com>
To: revathiadulla@gmail.com
Date: Sat, 13 Dec 2025 07:02:54 -0000
Message-ID: <176560937433.9996.8049175581595695957@manisha>

⚠️ SCHEDULE UPDATE ALERT ⚠️

A schedule you're enrolled in has been updated!

Subject: Test Subject
Topic: UPDATED: New topic after lecturer change
New Date: December 13, 2025
New Time: 02:00 PM - 03:00 PM
Lecturer: DLPrasad

Changes Made:
  • Topic: Updated topic for today → UPDATED: New topic after lecturer change

Please check your schedule and adjust your plans accordingly.

Best regards,
ClassWave Team 🔔
-------------------------------------------------------------------------------
