Content-Type: text/plain; charset="utf-8"
MIME-Version: 1.0
Content-Transfer-Encoding: 7bit
Subject: =?utf-8?q?=E2=8F=B0_Future_Scheduling_Test_-_A=2ERevathi?=
From: ClassWave <velmalaanjalivelmala@gmail.com>
To: revathiadulla@gmail.com
Date: Sat, 13 Dec 2025 15:50:13 -0000
Message-ID: <176564101354.7540.9847959621355176794@manisha>


        Reminder: You have a class scheduled!
        
        Date: December 12, 2025
        Time: 01:55 PM - 02:50 PM
        Subject: Software Engineering
        Topic: A strategic approach to software testing
        Lecturer: Sirisha
        
-------------------------------------------------------------------------------
Content-Type: text/plain; charset="utf-8"
MIME-Version: 1.0
Content-Transfer-Encoding: 7bit
Subject: =?utf-8?q?=E2=8F=B0_Future_Scheduling_Test_-_vaishnavi?=
From: ClassWave <velmalaanjalivelmala@gmail.com>
To: phularivaishnavi2004@gmail.com
Date: Sat, 13 Dec 2025 15:50:13 -0000
Message-ID: <176564101379.7540.4003742883364648973@manisha>


        Reminder: You have a class scheduled!
        
        Date: December 13, 2025
        Time: 10:25 AM - 11:20 AM
        Subject: Information Security
        Topic: intrusion detection, access control, other security
        Lecturer: Mehrunissa
        
-------------------------------------------------------------------------------
Content-Type: text/plain; charset="utf-8"
MIME-Version: 1.0
Content-Transfer-Encoding: 7bit
Subject: =?utf-8?q?=E2=8F=B0_Future_Scheduling_Test_-_vaishnavi?=
From: ClassWave <velmalaanjalivelmala@gmail.com>
To: phularivaishnavi2004@gmail.com
Date: Sat, 13 Dec 2025 15:50:13 -0000
Message-ID: <176564101394.7540.11807453323918123213@manisha>


        Reminder: You have a class scheduled!
        
        Date: December 11, 2025
        Time: 09:30 AM - 10:25 AM
        Subject: Operation Research
        Topic: Introduction, applications of dynamic programming-Cargo Loading & capital budgeting
        Lecturer: Mr.G.Patrick
        
-------------------------------------------------------------------------------
