Content-Type: text/plain; charset="utf-8"
MIME-Version: 1.0
Content-Transfer-Encoding: 8bit
Subject: =?utf-8?q?=F0=9F=93=85_Schedule_Update=3A_Internet_Technologies?=
From: ClassWave <velmalaanjalivelmala@gmail.com>
To: phularivaishnavi2004@gmail.com
Date: Sat, 13 Dec 2025 06:51:51 -0000
Message-ID: <176560871133.20296.1802372177973298351@manisha>

⚠️ SCHEDULE UPDATE ALERT ⚠️

A schedule you're enrolled in has been updated!

Subject: Internet Technologies
Topic: Angular-Overview, environment setup
New Date: December 15, 2025
New Time: 01:00 PM - 01:55 PM
Lecturer: Kavitha

Changes Made:
  • Date: 2025-12-12 → 2025-12-15

Please check your schedule and adjust your plans accordingly.

Best regards,
ClassWave Team 🔔
-------------------------------------------------------------------------------
Content-Type: text/plain; charset="utf-8"
MIME-Version: 1.0
Content-Transfer-Encoding: 8bit
Subject: =?utf-8?q?=F0=9F=93=85_Schedule_Update=3A_Internet_Technologies?=
From: ClassWave <velmalaanjalivelmala@gmail.com>
To: revathiadulla@gmail.com
Date: Sat, 13 Dec 2025 06:51:51 -0000
Message-ID: <176560871134.20296.14080072867766728391@manisha>

⚠️ SCHEDULE UPDATE ALERT ⚠️

A schedule you're enrolled in has been updated!

Subject: Internet Technologies
Topic: Angular-Overview, environment setup
New Date: December 15, 2025
New Time: 01:00 PM - 01:55 PM
Lecturer: Kavitha

Changes Made:
  • Date: 2025-12-12 → 2025-12-15

Please check your schedule and adjust your plans accordingly.

Best regards,
ClassWave Team 🔔
-------------------------------------------------------------------------------
Content-Type: text/plain; charset="utf-8"
MIME-Version: 1.0
Content-Transfer-Encoding: 8bit
Subject: =?utf-8?q?=F0=9F=93=85_Schedule_Update=3A_Internet_Technologies?=
From: ClassWave <velmalaanjalivelmala@gmail.com>
To: anushamudhiraj7687@gmail.com
Date: Sat, 13 Dec 2025 06:51:51 -0000
Message-ID: <176560871135.20296.8031053930385016092@manisha>

⚠️ SCHEDULE UPDATE ALERT ⚠️

A schedule you're enrolled in has been updated!

Subject: Internet Technologies
Topic: Angular-Overview, environment setup
New Date: December 15, 2025
New Time: 01:00 PM - 01:55 PM
Lecturer: Kavitha

Changes Made:
  • Date: 2025-12-12 → 2025-12-15

Please check your schedule and adjust your plans accordingly.

Best regards,
ClassWave Team 🔔
-------------------------------------------------------------------------------
