Content-Type: text/plain; charset="utf-8"
MIME-Version: 1.0
Content-Transfer-Encoding: 7bit
Subject: =?utf-8?q?=E2=8F=B0_Future_Scheduling_Test_-_PranayaYadav?=
From: ClassWave <velmalaanjalivelmala@gmail.com>
To: pranayayadav11@gmail.com
Date: Sat, 13 Dec 2025 15:50:13 -0000
Message-ID: <176564101335.7540.15494256149883158776@manisha>


        Reminder: You have a class scheduled!
        
        Date: December 12, 2025
        Time: 01:00 PM - 01:55 PM
        Subject: Internet Technologies
        Topic: Angular-Overview, environment setup
        Lecturer: Kavitha
        
-------------------------------------------------------------------------------
Content-Type: text/plain; charset="utf-8"
MIME-Version: 1.0
Content-Transfer-Encoding: 7bit
Subject: =?utf-8?q?=E2=8F=B0_Future_Scheduling_Test_-_PranayaYadav?=
From: ClassWave <velmalaanjalivelmala@gmail.com>
To: pranayayadav11@gmail.com
Date: Sat, 13 Dec 2025 15:50:13 -0000
Message-ID: <176564101336.7540.7974837360034689704@manisha>


        Reminder: You have a class scheduled!
        
        Date: December 12, 2025
        Time: 11:20 AM - 12:15 PM
        Subject: Deep Learning
        Topic: Semantic segmentation and the datset, transposed convolution
        Lecturer: DLPrasad
        
-------------------------------------------------------------------------------
