Content-Type: text/plain; charset="utf-8"
MIME-Version: 1.0
Content-Transfer-Encoding: 7bit
Subject: =?utf-8?q?=E2=8F=B0_Future_Scheduling_Test_-_A=2ERevathi?=
From: ClassWave <velmalaanjalivelmala@gmail.com>
To: revathiadulla@gmail.com
Date: Sat, 13 Dec 2025 15:50:13 -0000
Message-ID: <176564101364.7540.13628991110503145034@manisha>


        Reminder: You have a class scheduled!
        
        Date: December 12, 2025
        Time: 09:30 AM - 10:25 AM
        Subject: Android Application Development
        Topic: Listening the content of a directory shared preferences creating shared perferences
        Lecturer: Mehrunissa
        
-------------------------------------------------------------------------------
Content-Type: text/plain; charset="utf-8"
MIME-Version: 1.0
Content-Transfer-Encoding: 7bit
Subject: =?utf-8?q?=E2=8F=B0_Future_Scheduling_Test_-_vaishnavi?=
From: ClassWave <velmalaanjalivelmala@gmail.com>
To: phularivaishnavi2004@gmail.com
Date: Sat, 13 Dec 2025 15:50:13 -0000
Message-ID: <176564101386.7540.2515058291745356514@manisha>


        Reminder: You have a class scheduled!
        
        Date: December 12, 2025
        Time: 11:20 AM - 12:15 PM
        Subject: Deep Learning
        Topic: Semantic segmentation and the datset, transposed convolution
        Lecturer: DLPrasad
        
-------------------------------------------------------------------------------
