Content-Type: text/plain; charset="utf-8"
MIME-Version: 1.0
Content-Transfer-Encoding: 8bit
Subject: =?utf-8?q?=F0=9F=93=85_Schedule_Update=3A_Software_Engineering?=
From: ClassWave <velmalaanjalivelmala@gmail.com>
To: phularivaishnavi2004@gmail.com
Date: Sat, 13 Dec 2025 06:38:40 -0000
Message-ID: <176560792007.20296.11395541710580701354@manisha>

⚠️ SCHEDULE UPDATE ALERT ⚠️

A schedule you're enrolled in has been updated!

Subject: Software Engineering
Topic: Framework for product metrics, Metrics for Requirements Model
New Date: December 23, 2025
New Time: 01:55 PM - 02:50 PM
Lecturer: Sirisha

Changes Made:
  • Date: 2025-12-22 → 2025-12-23

Please check your schedule and adjust your plans accordingly.

Best regards,
ClassWave Team 🔔
-------------------------------------------------------------------------------
Content-Type: text/plain; charset="utf-8"
MIME-Version: 1.0
Content-Transfer-Encoding: 8bit
Subject: =?utf-8?q?=F0=9F=93=85_Schedule_Update=3A_Software_Engineering?=
From: ClassWave <velmalaanjalivelmala@gmail.com>
To: revathiadulla@gmail.com
Date: Sat, 13 Dec 2025 06:38:40 -0000
Message-ID: <176560792008.20296.8134925461184527155@manisha>

⚠️ SCHEDULE UPDATE ALERT ⚠️

A schedule you're enrolled in has been updated!

Subject: Software Engineering
Topic: Framework for product metrics, Metrics for Requirements Model
New Date: December 23, 2025
New Time: 01:55 PM - 02:50 PM
Lecturer: Sirisha

Changes Made:
  • Date: 2025-12-22 → 2025-12-23

Please check your schedule and adjust your plans accordingly.

Best regards,
ClassWave Team 🔔
-------------------------------------------------------------------------------
Content-Type: text/plain; charset="utf-8"
MIME-Version: 1.0
Content-Transfer-Encoding: 8bit
Subject: =?utf-8?q?=F0=9F=93=85_Schedule_Update=3A_Software_Engineering?=
From: ClassWave <velmalaanjalivelmala@gmail.com>
To: anushamudhiraj7687@gmail.com
Date: Sat, 13 Dec 2025 06:38:40 -0000
Message-ID: <176560792010.20296.576521158459012691@manisha>

⚠️ SCHEDULE UPDATE ALERT ⚠️

A schedule you're enrolled in has been updated!

Subject: Software Engineering
Topic: Framework for product metrics, Metrics for Requirements Model
New Date: December 23, 2025
New Time: 01:55 PM - 02:50 PM
Lecturer: Sirisha

Changes Made:
  • Date: 2025-12-22 → 2025-12-23

Please check your schedule and adjust your plans accordingly.

Best regards,
ClassWave Team 🔔
-------------------------------------------------------------------------------
