Content-Type: text/plain; charset="utf-8"
MIME-Version: 1.0
Content-Transfer-Encoding: 8bit
Subject: =?utf-8?q?=F0=9F=93=85_Schedule_Update=3A_Information_Security?=
From: ClassWave <velmalaanjalivelmala@gmail.com>
To: phularivaishnavi2004@gmail.com
Date: Sat, 13 Dec 2025 06:49:51 -0000
Message-ID: <176560859199.20296.8665581600235110699@manisha>

⚠️ SCHEDULE UPDATE ALERT ⚠️

A schedule you're enrolled in has been updated!

Subject: Information Security
Topic: cryptographic algorithms and tools
New Date: December 23, 2025
New Time: 10:25 AM - 11:20 AM
Lecturer: Mehrunissa

Changes Made:
  • Date: 2025-12-20 → 2025-12-23

Please check your schedule and adjust your plans accordingly.

Best regards,
ClassWave Team 🔔
-------------------------------------------------------------------------------
Content-Type: text/plain; charset="utf-8"
MIME-Version: 1.0
Content-Transfer-Encoding: 8bit
Subject: =?utf-8?q?=F0=9F=93=85_Schedule_Update=3A_Information_Security?=
From: ClassWave <velmalaanjalivelmala@gmail.com>
To: revathiadulla@gmail.com
Date: Sat, 13 Dec 2025 06:49:51 -0000
Message-ID: <176560859199.20296.13251772862938120695@manisha>

⚠️ SCHEDULE UPDATE ALERT ⚠️

A schedule you're enrolled in has been updated!

Subject: Information Security
Topic: cryptographic algorithms and tools
New Date: December 23, 2025
New Time: 10:25 AM - 11:20 AM
Lecturer: Mehrunissa

Changes Made:
  • Date: 2025-12-20 → 2025-12-23

Please check your schedule and adjust your plans accordingly.

Best regards,
ClassWave Team 🔔
-------------------------------------------------------------------------------
