Content-Type: text/plain; charset="utf-8"
MIME-Version: 1.0
Content-Transfer-Encoding: 8bit
Subject: 
 =?utf-8?q?=F0=9F=93=85_Schedule_Update=3A_Android_Application_Development?=
From: ClassWave <velmalaanjalivelmala@gmail.com>
To: phularivaishnavi2004@gmail.com
Date: Sat, 13 Dec 2025 06:46:10 -0000
Message-ID: <176560837050.20296.1268731663660131834@manisha>

⚠️ SCHEDULE UPDATE ALERT ⚠️

A schedule you're enrolled in has been updated!

Subject: Android Application Development
Topic: creating and opening a database, creating tables
New Date: December 22, 2025
New Time: 09:30 AM - 10:25 AM
Lecturer: Mehrunissa

Changes Made:
  • Date: 2025-12-19 → 2025-12-22

Please check your schedule and adjust your plans accordingly.

Best regards,
ClassWave Team 🔔
-------------------------------------------------------------------------------
Content-Type: text/plain; charset="utf-8"
MIME-Version: 1.0
Content-Transfer-Encoding: 8bit
Subject: 
 =?utf-8?q?=F0=9F=93=85_Schedule_Update=3A_Android_Application_Development?=
From: ClassWave <velmalaanjalivelmala@gmail.com>
To: revathiadulla@gmail.com
Date: Sat, 13 Dec 2025 06:46:10 -0000
Message-ID: <176560837050.20296.7878000390693855586@manisha>

⚠️ SCHEDULE UPDATE ALERT ⚠️

A schedule you're enrolled in has been updated!

Subject: Android Application Development
Topic: creating and opening a database, creating tables
New Date: December 22, 2025
New Time: 09:30 AM - 10:25 AM
Lecturer: Mehrunissa

Changes Made:
  • Date: 2025-12-19 → 2025-12-22

Please check your schedule and adjust your plans accordingly.

Best regards,
ClassWave Team 🔔
-------------------------------------------------------------------------------
Content-Type: text/plain; charset="utf-8"
MIME-Version: 1.0
Content-Transfer-Encoding: 8bit
Subject: 
 =?utf-8?q?=F0=9F=93=85_Schedule_Update=3A_Android_Application_Development?=
From: ClassWave <velmalaanjalivelmala@gmail.com>
To: pranayayadav11@gmail.com
Date: Sat, 13 Dec 2025 06:46:10 -0000
Message-ID: <176560837051.20296.472116664629406051@manisha>

⚠️ SCHEDULE UPDATE ALERT ⚠️

A schedule you're enrolled in has been updated!

Subject: Android Application Development
Topic: creating and opening a database, creating tables
New Date: December 22, 2025
New Time: 09:30 AM - 10:25 AM
Lecturer: Mehrunissa

Changes Made:
  • Date: 2025-12-19 → 2025-12-22

Please check your schedule and adjust your plans accordingly.

Best regards,
ClassWave Team 🔔
-------------------------------------------------------------------------------
Content-Type: text/plain; charset="utf-8"
MIME-Version: 1.0
Content-Transfer-Encoding: 8bit
Subject: 
 =?utf-8?q?=F0=9F=93=85_Schedule_Update=3A_Android_Application_Development?=
From: ClassWave <velmalaanjalivelmala@gmail.com>
To: anushamudhiraj7687@gmail.com
Date: Sat, 13 Dec 2025 06:46:10 -0000
Message-ID: <176560837052.20296.14590033452023891316@manisha>

⚠️ SCHEDULE UPDATE ALERT ⚠️

A schedule you're enrolled in has been updated!

Subject: Android Application Development
Topic: creating and opening a database, creating tables
New Date: December 22, 2025
New Time: 09:30 AM - 10:25 AM
Lecturer: Mehrunissa

Changes Made:
  • Date: 2025-12-19 → 2025-12-22

Please check your schedule and adjust your plans accordingly.

Best regards,
ClassWave Team 🔔
-------------------------------------------------------------------------------
