Content-Type: text/plain; charset="utf-8"
MIME-Version: 1.0
Content-Transfer-Encoding: 8bit
Subject: =?utf-8?q?=F0=9F=93=85_Schedule_Update=3A_Test_Today?=
From: ClassWave <velmalaanjalivelmala@gmail.com>
To: anushamudhiraj7687@gmail.com
Date: Sat, 13 Dec 2025 07:13:23 -0000
Message-ID: <176561000319.15612.18433132674973198318@manisha>

⚠️ SCHEDULE UPDATE ALERT ⚠️

A schedule you're enrolled in has been updated!

Subject: Test Today
Topic: UPDATED: Today's class topic
New Date: December 13, 2025
New Time: 10:00 AM - 11:00 AM
Lecturer: DLPrasad

Changes Made:
  • Topic: Today's class → UPDATED: Today's class topic

Please check your schedule and adjust your plans accordingly.

Best regards,
ClassWave Team 🔔
-------------------------------------------------------------------------------
