Content-Type: text/plain; charset="utf-8"
MIME-Version: 1.0
Content-Transfer-Encoding: 8bit
Subject: =?utf-8?q?=F0=9F=93=85_Schedule_Update=3A_Internet_Technologies?=
From: ClassWave <velmalaanjalivelmala@gmail.com>
To: phularivaishnavi2004@gmail.com
Date: Sat, 13 Dec 2025 06:52:19 -0000
Message-ID: <176560873965.20296.1848831797301727744@manisha>

⚠️ SCHEDULE UPDATE ALERT ⚠️

A schedule you're enrolled in has been updated!

Subject: Internet Technologies
Topic: components,modules
New Date: December 17, 2025
New Time: 11:20 AM - 12:15 PM
Lecturer: Kavitha

Changes Made:
  • Date: 2025-12-15 → 2025-12-17

Please check your schedule and adjust your plans accordingly.

Best regards,
ClassWave Team 🔔
-------------------------------------------------------------------------------
Content-Type: text/plain; charset="utf-8"
MIME-Version: 1.0
Content-Transfer-Encoding: 8bit
Subject: =?utf-8?q?=F0=9F=93=85_Schedule_Update=3A_Internet_Technologies?=
From: ClassWave <velmalaanjalivelmala@gmail.com>
To: revathiadulla@gmail.com
Date: Sat, 13 Dec 2025 06:52:19 -0000
Message-ID: <176560873965.20296.6833912355588459510@manisha>

⚠️ SCHEDULE UPDATE ALERT ⚠️

A schedule you're enrolled in has been updated!

Subject: Internet Technologies
Topic: components,modules
New Date: December 17, 2025
New Time: 11:20 AM - 12:15 PM
Lecturer: Kavitha

Changes Made:
  • Date: 2025-12-15 → 2025-12-17

Please check your schedule and adjust your plans accordingly.

Best regards,
ClassWave Team 🔔
-------------------------------------------------------------------------------
Content-Type: text/plain; charset="utf-8"
MIME-Version: 1.0
Content-Transfer-Encoding: 8bit
Subject: =?utf-8?q?=F0=9F=93=85_Schedule_Update=3A_Internet_Technologies?=
From: ClassWave <velmalaanjalivelmala@gmail.com>
To: anushamudhiraj7687@gmail.com
Date: Sat, 13 Dec 2025 06:52:19 -0000
Message-ID: <176560873967.20296.16605067049530538208@manisha>

⚠️ SCHEDULE UPDATE ALERT ⚠️

A schedule you're enrolled in has been updated!

Subject: Internet Technologies
Topic: components,modules
New Date: December 17, 2025
New Time: 11:20 AM - 12:15 PM
Lecturer: Kavitha

Changes Made:
  • Date: 2025-12-15 → 2025-12-17

Please check your schedule and adjust your plans accordingly.

Best regards,
ClassWave Team 🔔
-------------------------------------------------------------------------------
