Content-Type: text/plain; charset="utf-8"
MIME-Version: 1.0
Content-Transfer-Encoding: 8bit
Subject: =?utf-8?q?=F0=9F=93=85_Schedule_Update=3A_Information_Security?=
From: ClassWave <velmalaanjalivelmala@gmail.com>
To: pranayayadav11@gmail.com
Date: Sat, 13 Dec 2025 06:49:22 -0000
Message-ID: <176560856246.20296.5121262362120490758@manisha>

⚠️ SCHEDULE UPDATE ALERT ⚠️

A schedule you're enrolled in has been updated!

Subject: Information Security
Topic: foundation of cryptography, cipher methods
New Date: December 19, 2025
New Time: 01:55 PM - 02:50 PM
Lecturer: Mehrunissa

Changes Made:
  • Date: 2025-12-17 → 2025-12-19

Please check your schedule and adjust your plans accordingly.

Best regards,
ClassWave Team 🔔
-------------------------------------------------------------------------------
