Content-Type: text/plain; charset="utf-8"
MIME-Version: 1.0
Content-Transfer-Encoding: 8bit
Subject: =?utf-8?q?=F0=9F=93=85_Schedule_Update=3A_Information_Security?=
From: ClassWave <velmalaanjalivelmala@gmail.com>
To: pranayayadav11@gmail.com
Date: Sat, 13 Dec 2025 06:47:47 -0000
Message-ID: <176560846736.20296.6657121059540629245@manisha>

⚠️ SCHEDULE UPDATE ALERT ⚠️

A schedule you're enrolled in has been updated!

Subject: Information Security
Topic: scanning and analysis tools,access control devices
New Date: December 18, 2025
New Time: 09:30 AM - 10:25 AM
Lecturer: Mehrunissa

Changes Made:
  • Date: 2025-12-16 → 2025-12-18

Please check your schedule and adjust your plans accordingly.

Best regards,
ClassWave Team 🔔
-------------------------------------------------------------------------------
