Content-Type: text/plain; charset="utf-8"
MIME-Version: 1.0
Content-Transfer-Encoding: 8bit
Subject: =?utf-8?q?=F0=9F=93=85_Schedule_Update=3A_Deep_Learning?=
From: ClassWave <velmalaanjalivelmala@gmail.com>
To: pranayayadav11@gmail.com
Date: Sat, 13 Dec 2025 06:32:52 -0000
Message-ID: <176560757264.20296.4835031749384886414@manisha>

⚠️ SCHEDULE UPDATE ALERT ⚠️

A schedule you're enrolled in has been updated!

Subject: Deep Learning
Topic: Generial adversarial networks
New Date: December 22, 2025
New Time: 11:20 AM - 12:15 PM
Lecturer: DLPrasad

Changes Made:
  • Date: 2025-12-19 → 2025-12-22

Please check your schedule and adjust your plans accordingly.

Best regards,
ClassWave Team 🔔
-------------------------------------------------------------------------------
Content-Type: text/plain; charset="utf-8"
MIME-Version: 1.0
Content-Transfer-Encoding: 8bit
Subject: =?utf-8?q?=F0=9F=93=85_Schedule_Update=3A_Deep_Learning?=
From: ClassWave <velmalaanjalivelmala@gmail.com>
To: anushamudhiraj7687@gmail.com
Date: Sat, 13 Dec 2025 06:32:52 -0000
Message-ID: <176560757265.20296.3701783685311046521@manisha>

⚠️ SCHEDULE UPDATE ALERT ⚠️

A schedule you're enrolled in has been updated!

Subject: Deep Learning
Topic: Generial adversarial networks
New Date: December 22, 2025
New Time: 11:20 AM - 12:15 PM
Lecturer: DLPrasad

Changes Made:
  • Date: 2025-12-19 → 2025-12-22

Please check your schedule and adjust your plans accordingly.

Best regards,
ClassWave Team 🔔
-------------------------------------------------------------------------------
