Content-Type: text/plain; charset="utf-8"
MIME-Version: 1.0
Content-Transfer-Encoding: 8bit
Subject: =?utf-8?q?=F0=9F=93=85_Schedule_Update=3A_Information_Security?=
From: ClassWave <velmalaanjalivelmala@gmail.com>
To: phularivaishnavi2004@gmail.com
Date: Sat, 13 Dec 2025 06:47:47 -0000
Message-ID: <176560846735.20296.5670304234421639555@manisha>

⚠️ SCHEDULE UPDATE ALERT ⚠️

A schedule you're enrolled in has been updated!

Subject: Information Security
Topic: scanning and analysis tools,access control devices
New Date: December 18, 2025
New Time: 09:30 AM - 10:25 AM
Lecturer: Mehrunissa

Changes Made:
  • Date: 2025-12-16 → 2025-12-18

Please check your schedule and adjust your plans accordingly.

Best regards,
ClassWave Team 🔔
-------------------------------------------------------------------------------
Content-Type: text/plain; charset="utf-8"
MIME-Version: 1.0
Content-Transfer-Encoding: 8bit
Subject: =?utf-8?q?=F0=9F=93=85_Schedule_Update=3A_Information_Security?=
From: ClassWave <velmalaanjalivelmala@gmail.com>
To: revathiadulla@gmail.com
Date: Sat, 13 Dec 2025 06:47:47 -0000
Message-ID: <176560846736.20296.10446034753638845028@manisha>

⚠️ SCHEDULE UPDATE ALERT ⚠️

A schedule you're enrolled in has been updated!

Subject: Information Security
Topic: scanning and analysis tools,access control devices
New Date: December 18, 2025
New Time: 09:30 AM - 10:25 AM
Lecturer: Mehrunissa

Changes Made:
  • Date: 2025-12-16 → 2025-12-18

Please check your schedule and adjust your plans accordingly.

Best regards,
ClassWave Team 🔔
-------------------------------------------------------------------------------
Content-Type: text/plain; charset="utf-8"
MIME-Version: 1.0
Content-Transfer-Encoding: 8bit
Subject: =?utf-8?q?=F0=9F=93=85_Schedule_Update=3A_Information_Security?=
From: ClassWave <velmalaanjalivelmala@gmail.com>
To: anushamudhiraj7687@gmail.com
Date: Sat, 13 Dec 2025 06:47:47 -0000
Message-ID: <176560846737.20296.13367007970890314642@manisha>

⚠️ SCHEDULE UPDATE ALERT ⚠️

A schedule you're enrolled in has been updated!

Subject: Information Security
Topic: scanning and analysis tools,access control devices
New Date: December 18, 2025
New Time: 09:30 AM - 10:25 AM
Lecturer: Mehrunissa

Changes Made:
  • Date: 2025-12-16 → 2025-12-18

Please check your schedule and adjust your plans accordingly.

Best regards,
ClassWave Team 🔔
-------------------------------------------------------------------------------
