Content-Type: text/plain; charset="utf-8"
MIME-Version: 1.0
Content-Transfer-Encoding: 8bit
Subject: =?utf-8?q?=F0=9F=93=85_Schedule_Update=3A_Software_Engineering?=
From: ClassWave <velmalaanjalivelmala@gmail.com>
To: phularivaishnavi2004@gmail.com
Date: Sat, 13 Dec 2025 06:38:14 -0000
Message-ID: <176560789412.20296.15327123004864328786@manisha>

⚠️ SCHEDULE UPDATE ALERT ⚠️

A schedule you're enrolled in has been updated!

Subject: Software Engineering
Topic: Black-Box testing
New Date: December 22, 2025
New Time: 01:55 PM - 02:50 PM
Lecturer: Sirisha

Changes Made:
  • Date: 2025-12-19 → 2025-12-22

Please check your schedule and adjust your plans accordingly.

Best regards,
ClassWave Team 🔔
-------------------------------------------------------------------------------
Content-Type: text/plain; charset="utf-8"
MIME-Version: 1.0
Content-Transfer-Encoding: 8bit
Subject: =?utf-8?q?=F0=9F=93=85_Schedule_Update=3A_Software_Engineering?=
From: ClassWave <velmalaanjalivelmala@gmail.com>
To: revathiadulla@gmail.com
Date: Sat, 13 Dec 2025 06:38:14 -0000
Message-ID: <176560789413.20296.15951138189500286453@manisha>

⚠️ SCHEDULE UPDATE ALERT ⚠️

A schedule you're enrolled in has been updated!

Subject: Software Engineering
Topic: Black-Box testing
New Date: December 22, 2025
New Time: 01:55 PM - 02:50 PM
Lecturer: Sirisha

Changes Made:
  • Date: 2025-12-19 → 2025-12-22

Please check your schedule and adjust your plans accordingly.

Best regards,
ClassWave Team 🔔
-------------------------------------------------------------------------------
Content-Type: text/plain; charset="utf-8"
MIME-Version: 1.0
Content-Transfer-Encoding: 8bit
Subject: =?utf-8?q?=F0=9F=93=85_Schedule_Update=3A_Software_Engineering?=
From: ClassWave <velmalaanjalivelmala@gmail.com>
To: anushamudhiraj7687@gmail.com
Date: Sat, 13 Dec 2025 06:38:14 -0000
Message-ID: <176560789415.20296.13683403462980365710@manisha>

⚠️ SCHEDULE UPDATE ALERT ⚠️

A schedule you're enrolled in has been updated!

Subject: Software Engineering
Topic: Black-Box testing
New Date: December 22, 2025
New Time: 01:55 PM - 02:50 PM
Lecturer: Sirisha

Changes Made:
  • Date: 2025-12-19 → 2025-12-22

Please check your schedule and adjust your plans accordingly.

Best regards,
ClassWave Team 🔔
-------------------------------------------------------------------------------
