Content-Type: text/plain; charset="utf-8"
MIME-Version: 1.0
Content-Transfer-Encoding: 8bit
Subject: =?utf-8?q?=E2=8F=B0_Future_Scheduling_Test_-_A=2ERevathi?=
From: ClassWave <velmalaanjalivelmala@gmail.com>
To: revathiadulla@gmail.com
Date: Sat, 13 Dec 2025 15:51:04 -0000
Message-ID: <176564106487.10832.4632244333939740663@manisha>

⏰ Future Scheduling Test - A.Revathi

Hello A.Revathi!

This is a FUTURE SCHEDULING test to verify that emails are sent at specific times.

🎯 Test Details:
   • Scheduled for: 21:22:39
   • Current time when created: 21:17:39
   • Your email: revathiadulla@gmail.com

If you receive this email at approximately 21:22, 
the time-based scheduling system is working perfectly! ⏰

This proves that:
✅ Emails can be scheduled for future delivery
✅ System sends emails at exact specified times
✅ You don't need to be logged in to receive emails
✅ The middleware is working correctly

Best regards,
ClassWave Team 🔔

---
Automated test message - Future Scheduling Verification

-------------------------------------------------------------------------------
Content-Type: text/plain; charset="utf-8"
MIME-Version: 1.0
Content-Transfer-Encoding: 8bit
Subject: =?utf-8?q?=E2=8F=B0_Future_Scheduling_Test_-_vaishnavi?=
From: ClassWave <velmalaanjalivelmala@gmail.com>
To: phularivaishnavi2004@gmail.com
Date: Sat, 13 Dec 2025 15:51:04 -0000
Message-ID: <176564106488.10832.2797194869106872818@manisha>

⏰ Future Scheduling Test - vaishnavi

Hello vaishnavi!

This is a FUTURE SCHEDULING test to verify that emails are sent at specific times.

🎯 Test Details:
   • Scheduled for: 21:19:39
   • Current time when created: 21:17:39
   • Your email: phularivaishnavi2004@gmail.com

If you receive this email at approximately 21:19, 
the time-based scheduling system is working perfectly! ⏰

This proves that:
✅ Emails can be scheduled for future delivery
✅ System sends emails at exact specified times
✅ You don't need to be logged in to receive emails
✅ The middleware is working correctly

Best regards,
ClassWave Team 🔔

---
Automated test message - Future Scheduling Verification

-------------------------------------------------------------------------------
