Content-Type: text/plain; charset="utf-8"
MIME-Version: 1.0
Content-Transfer-Encoding: 8bit
Subject: =?utf-8?q?=F0=9F=93=85_Schedule_Update=3A_Internet_Technologies?=
From: ClassWave <velmalaanjalivelmala@gmail.com>
To: pranayayadav11@gmail.com
Date: Sat, 13 Dec 2025 06:51:51 -0000
Message-ID: <176560871134.20296.2885942156828989999@manisha>

⚠️ SCHEDULE UPDATE ALERT ⚠️

A schedule you're enrolled in has been updated!

Subject: Internet Technologies
Topic: Angular-Overview, environment setup
New Date: December 15, 2025
New Time: 01:00 PM - 01:55 PM
Lecturer: Kavitha

Changes Made:
  • Date: 2025-12-12 → 2025-12-15

Please check your schedule and adjust your plans accordingly.

Best regards,
ClassWave Team 🔔
-------------------------------------------------------------------------------
