Content-Type: text/plain; charset="utf-8"
MIME-Version: 1.0
Content-Transfer-Encoding: 8bit
Subject: =?utf-8?q?=E2=8F=B0_Future_Scheduling_Test_-_PranayaYadav?=
From: ClassWave <velmalaanjalivelmala@gmail.com>
To: pranayayadav11@gmail.com
Date: Sat, 13 Dec 2025 15:51:04 -0000
Message-ID: <176564106483.10832.17187084207240944552@manisha>

⏰ Future Scheduling Test - PranayaYadav

Hello PranayaYadav!

This is a FUTURE SCHEDULING test to verify that emails are sent at specific times.

🎯 Test Details:
   • Scheduled for: 21:25:39
   • Current time when created: 21:17:39
   • Your email: pranayayadav11@gmail.com

If you receive this email at approximately 21:25, 
the time-based scheduling system is working perfectly! ⏰

This proves that:
✅ Emails can be scheduled for future delivery
✅ System sends emails at exact specified times
✅ You don't need to be logged in to receive emails
✅ The middleware is working correctly

Best regards,
ClassWave Team 🔔

---
Automated test message - Future Scheduling Verification

-------------------------------------------------------------------------------
