Content-Type: text/plain; charset="utf-8"
MIME-Version: 1.0
Content-Transfer-Encoding: 8bit
Subject: 
 =?utf-8?q?=F0=9F=93=85_Schedule_Update=3A_Android_Application_Development?=
From: ClassWave <velmalaanjalivelmala@gmail.com>
To: phularivaishnavi2004@gmail.com
Date: Sat, 13 Dec 2025 06:44:26 -0000
Message-ID: <176560826686.20296.2418966928939928841@manisha>

⚠️ SCHEDULE UPDATE ALERT ⚠️

A schedule you're enrolled in has been updated!

Subject: Android Application Development
Topic: Listening the content of a directory shared preferences creating shared perferences
New Date: December 15, 2025
New Time: 09:30 AM - 10:25 AM
Lecturer: Mehrunissa

Changes Made:
  • Date: 2025-12-12 → 2025-12-15

Please check your schedule and adjust your plans accordingly.

Best regards,
ClassWave Team 🔔
-------------------------------------------------------------------------------
Content-Type: text/plain; charset="utf-8"
MIME-Version: 1.0
Content-Transfer-Encoding: 8bit
Subject: 
 =?utf-8?q?=F0=9F=93=85_Schedule_Update=3A_Android_Application_Development?=
From: ClassWave <velmalaanjalivelmala@gmail.com>
To: revathiadulla@gmail.com
Date: Sat, 13 Dec 2025 06:44:26 -0000
Message-ID: <176560826686.20296.6938424560500689391@manisha>

⚠️ SCHEDULE UPDATE ALERT ⚠️

A schedule you're enrolled in has been updated!

Subject: Android Application Development
Topic: Listening the content of a directory shared preferences creating shared perferences
New Date: December 15, 2025
New Time: 09:30 AM - 10:25 AM
Lecturer: Mehrunissa

Changes Made:
  • Date: 2025-12-12 → 2025-12-15

Please check your schedule and adjust your plans accordingly.

Best regards,
ClassWave Team 🔔
-------------------------------------------------------------------------------
Content-Type: text/plain; charset="utf-8"
MIME-Version: 1.0
Content-Transfer-Encoding: 8bit
Subject: 
 =?utf-8?q?=F0=9F=93=85_Schedule_Update=3A_Android_Application_Development?=
From: ClassWave <velmalaanjalivelmala@gmail.com>
To: pranayayadav11@gmail.com
Date: Sat, 13 Dec 2025 06:44:26 -0000
Message-ID: <176560826687.20296.5398116769559520197@manisha>

⚠️ SCHEDULE UPDATE ALERT ⚠️

A schedule you're enrolled in has been updated!

Subject: Android Application Development
Topic: Listening the content of a directory shared preferences creating shared perferences
New Date: December 15, 2025
New Time: 09:30 AM - 10:25 AM
Lecturer: Mehrunissa

Changes Made:
  • Date: 2025-12-12 → 2025-12-15

Please check your schedule and adjust your plans accordingly.

Best regards,
ClassWave Team 🔔
-------------------------------------------------------------------------------
Content-Type: text/plain; charset="utf-8"
MIME-Version: 1.0
Content-Transfer-Encoding: 8bit
Subject: 
 =?utf-8?q?=F0=9F=93=85_Schedule_Update=3A_Android_Application_Development?=
From: ClassWave <velmalaanjalivelmala@gmail.com>
To: anushamudhiraj7687@gmail.com
Date: Sat, 13 Dec 2025 06:44:26 -0000
Message-ID: <176560826688.20296.1727580068484553324@manisha>

⚠️ SCHEDULE UPDATE ALERT ⚠️

A schedule you're enrolled in has been updated!

Subject: Android Application Development
Topic: Listening the content of a directory shared preferences creating shared perferences
New Date: December 15, 2025
New Time: 09:30 AM - 10:25 AM
Lecturer: Mehrunissa

Changes Made:
  • Date: 2025-12-12 → 2025-12-15

Please check your schedule and adjust your plans accordingly.

Best regards,
ClassWave Team 🔔
-------------------------------------------------------------------------------
