Content-Type: text/plain; charset="utf-8"
MIME-Version: 1.0
Content-Transfer-Encoding: 8bit
Subject: 
 =?utf-8?q?=F0=9F=A7=AA_ClassWave_Test_-_Time_Preference_Verification?=
From: ClassWave <velmalaanjalivelmala@gmail.com>
To: pranayayadav11@gmail.com
Date: Sat, 13 Dec 2025 15:47:04 -0000
Message-ID: <176564082491.18472.2310925118775369796@manisha>

🧪 ClassWave Time Preference Test

Hello PranayaYadav!

This is a test message to verify that your email time preference is working correctly.

📧 Your Settings:
   • Email: pranayayadav11@gmail.com
   • Preferred time: 20:00 (08:00 PM)
   • Status: ✅ Enabled

⏰ Test Details:
   • Test sent at: 2025-12-13 21:17:04
   • Your preferred time: 2025-12-13 20:00:00
   • Time difference: Already passed

🎯 What this test proves:
   ✅ Your email preference is saved correctly
   ✅ System can send emails to your Gmail inbox
   ✅ Time-based delivery system is working
   ✅ You receive emails even when logged out

If you receive this email, your ClassWave notification system is working perfectly! 🎉

Best regards,
ClassWave Team 🔔

---
This is an automated test message from ClassWave.

-------------------------------------------------------------------------------
