Content-Type: text/plain; charset="utf-8"
MIME-Version: 1.0
Content-Transfer-Encoding: 8bit
Subject: 
 =?utf-8?q?=F0=9F=93=85_Schedule_Update=3A_Android_Application_Development?=
From: ClassWave <velmalaanjalivelmala@gmail.com>
To: phularivaishnavi2004@gmail.com
Date: Sat, 13 Dec 2025 06:45:36 -0000
Message-ID: <176560833677.20296.15171982279230700691@manisha>

⚠️ SCHEDULE UPDATE ALERT ⚠️

A schedule you're enrolled in has been updated!

Subject: Android Application Development
Topic: Introduction to SQLite database, creating and opening a database
New Date: December 20, 2025
New Time: 10:25 AM - 11:20 AM
Lecturer: Mehrunissa

Changes Made:
  • Date: 2025-12-18 → 2025-12-20

Please check your schedule and adjust your plans accordingly.

Best regards,
ClassWave Team 🔔
-------------------------------------------------------------------------------
Content-Type: text/plain; charset="utf-8"
MIME-Version: 1.0
Content-Transfer-Encoding: 8bit
Subject: 
 =?utf-8?q?=F0=9F=93=85_Schedule_Update=3A_Android_Application_Development?=
From: ClassWave <velmalaanjalivelmala@gmail.com>
To: revathiadulla@gmail.com
Date: Sat, 13 Dec 2025 06:45:36 -0000
Message-ID: <176560833678.20296.14199810149449419287@manisha>

⚠️ SCHEDULE UPDATE ALERT ⚠️

A schedule you're enrolled in has been updated!

Subject: Android Application Development
Topic: Introduction to SQLite database, creating and opening a database
New Date: December 20, 2025
New Time: 10:25 AM - 11:20 AM
Lecturer: Mehrunissa

Changes Made:
  • Date: 2025-12-18 → 2025-12-20

Please check your schedule and adjust your plans accordingly.

Best regards,
ClassWave Team 🔔
-------------------------------------------------------------------------------
Content-Type: text/plain; charset="utf-8"
MIME-Version: 1.0
Content-Transfer-Encoding: 8bit
Subject: 
 =?utf-8?q?=F0=9F=93=85_Schedule_Update=3A_Android_Application_Development?=
From: ClassWave <velmalaanjalivelmala@gmail.com>
To: pranayayadav11@gmail.com
Date: Sat, 13 Dec 2025 06:45:36 -0000
Message-ID: <176560833678.20296.10469968782280782622@manisha>

⚠️ SCHEDULE UPDATE ALERT ⚠️

A schedule you're enrolled in has been updated!

Subject: Android Application Development
Topic: Introduction to SQLite database, creating and opening a database
New Date: December 20, 2025
New Time: 10:25 AM - 11:20 AM
Lecturer: Mehrunissa

Changes Made:
  • Date: 2025-12-18 → 2025-12-20

Please check your schedule and adjust your plans accordingly.

Best regards,
ClassWave Team 🔔
-------------------------------------------------------------------------------
Content-Type: text/plain; charset="utf-8"
MIME-Version: 1.0
Content-Transfer-Encoding: 8bit
Subject: 
 =?utf-8?q?=F0=9F=93=85_Schedule_Update=3A_Android_Application_Development?=
From: ClassWave <velmalaanjalivelmala@gmail.com>
To: anushamudhiraj7687@gmail.com
Date: Sat, 13 Dec 2025 06:45:36 -0000
Message-ID: <176560833679.20296.5730245341613843434@manisha>

⚠️ SCHEDULE UPDATE ALERT ⚠️

A schedule you're enrolled in has been updated!

Subject: Android Application Development
Topic: Introduction to SQLite database, creating and opening a database
New Date: December 20, 2025
New Time: 10:25 AM - 11:20 AM
Lecturer: Mehrunissa

Changes Made:
  • Date: 2025-12-18 → 2025-12-20

Please check your schedule and adjust your plans accordingly.

Best regards,
ClassWave Team 🔔
-------------------------------------------------------------------------------
