Content-Type: text/plain; charset="utf-8"
MIME-Version: 1.0
Content-Transfer-Encoding: 8bit
Subject: =?utf-8?q?=F0=9F=93=85_Schedule_Update=3A_Software_Engineering?=
From: ClassWave <velmalaanjalivelmala@gmail.com>
To: pranayayadav11@gmail.com
Date: Sat, 13 Dec 2025 06:37:42 -0000
Message-ID: <176560786261.20296.11535493246137379646@manisha>

⚠️ SCHEDULE UPDATE ALERT ⚠️

A schedule you're enrolled in has been updated!

Subject: Software Engineering
Topic: The art of debugging,Software testing Fundamentals
New Date: December 18, 2025
New Time: 01:00 PM - 03:45 PM
Lecturer: Sirisha

Changes Made:
  • Date: 2025-12-16 → 2025-12-18

Please check your schedule and adjust your plans accordingly.

Best regards,
ClassWave Team 🔔
-------------------------------------------------------------------------------
