Content-Type: text/plain; charset="utf-8"
MIME-Version: 1.0
Content-Transfer-Encoding: 8bit
Subject: =?utf-8?q?=F0=9F=93=85_Schedule_Update=3A_Software_Engineering?=
From: ClassWave <velmalaanjalivelmala@gmail.com>
To: phularivaishnavi2004@gmail.com
Date: Sat, 13 Dec 2025 06:37:58 -0000
Message-ID: <176560787860.20296.2725272292287442855@manisha>

⚠️ SCHEDULE UPDATE ALERT ⚠️

A schedule you're enrolled in has been updated!

Subject: Software Engineering
Topic: White-Box testing, Basis path Testing, Control Structure Testing
New Date: December 19, 2025
New Time: 10:25 AM - 11:20 AM
Lecturer: Sirisha

Changes Made:
  • Date: 2025-12-17 → 2025-12-19

Please check your schedule and adjust your plans accordingly.

Best regards,
ClassWave Team 🔔
-------------------------------------------------------------------------------
Content-Type: text/plain; charset="utf-8"
MIME-Version: 1.0
Content-Transfer-Encoding: 8bit
Subject: =?utf-8?q?=F0=9F=93=85_Schedule_Update=3A_Software_Engineering?=
From: ClassWave <velmalaanjalivelmala@gmail.com>
To: revathiadulla@gmail.com
Date: Sat, 13 Dec 2025 06:37:58 -0000
Message-ID: <176560787861.20296.12713483743118811346@manisha>

⚠️ SCHEDULE UPDATE ALERT ⚠️

A schedule you're enrolled in has been updated!

Subject: Software Engineering
Topic: White-Box testing, Basis path Testing, Control Structure Testing
New Date: December 19, 2025
New Time: 10:25 AM - 11:20 AM
Lecturer: Sirisha

Changes Made:
  • Date: 2025-12-17 → 2025-12-19

Please check your schedule and adjust your plans accordingly.

Best regards,
ClassWave Team 🔔
-------------------------------------------------------------------------------
Content-Type: text/plain; charset="utf-8"
MIME-Version: 1.0
Content-Transfer-Encoding: 8bit
Subject: =?utf-8?q?=F0=9F=93=85_Schedule_Update=3A_Software_Engineering?=
From: ClassWave <velmalaanjalivelmala@gmail.com>
To: anushamudhiraj7687@gmail.com
Date: Sat, 13 Dec 2025 06:37:58 -0000
Message-ID: <176560787864.20296.11681734754537276392@manisha>

⚠️ SCHEDULE UPDATE ALERT ⚠️

A schedule you're enrolled in has been updated!

Subject: Software Engineering
Topic: White-Box testing, Basis path Testing, Control Structure Testing
New Date: December 19, 2025
New Time: 10:25 AM - 11:20 AM
Lecturer: Sirisha

Changes Made:
  • Date: 2025-12-17 → 2025-12-19

Please check your schedule and adjust your plans accordingly.

Best regards,
ClassWave Team 🔔
-------------------------------------------------------------------------------
