Content-Type: text/plain; charset="utf-8"
MIME-Version: 1.0
Content-Transfer-Encoding: 8bit
Subject: 
 =?utf-8?q?=F0=9F=93=85_Schedule_Update=3A_Android_Application_Development?=
From: ClassWave <velmalaanjalivelmala@gmail.com>
To: phularivaishnavi2004@gmail.com
Date: Sat, 13 Dec 2025 06:44:14 -0000
Message-ID: <176560825487.20296.7344882082480952279@manisha>

⚠️ SCHEDULE UPDATE ALERT ⚠️

A schedule you're enrolled in has been updated!

Subject: Android Application Development
Topic: Persistent Storage using application specific folders and files,creating files, reading data from files
New Date: December 12, 2025
New Time: 10:25 AM - 11:20 AM
Lecturer: Mehrunissa

Changes Made:
  • Date: 2025-12-11 → 2025-12-12

Please check your schedule and adjust your plans accordingly.

Best regards,
ClassWave Team 🔔
-------------------------------------------------------------------------------
Content-Type: text/plain; charset="utf-8"
MIME-Version: 1.0
Content-Transfer-Encoding: 8bit
Subject: 
 =?utf-8?q?=F0=9F=93=85_Schedule_Update=3A_Android_Application_Development?=
From: ClassWave <velmalaanjalivelmala@gmail.com>
To: revathiadulla@gmail.com
Date: Sat, 13 Dec 2025 06:44:14 -0000
Message-ID: <176560825489.20296.9748367212089715131@manisha>

⚠️ SCHEDULE UPDATE ALERT ⚠️

A schedule you're enrolled in has been updated!

Subject: Android Application Development
Topic: Persistent Storage using application specific folders and files,creating files, reading data from files
New Date: December 12, 2025
New Time: 10:25 AM - 11:20 AM
Lecturer: Mehrunissa

Changes Made:
  • Date: 2025-12-11 → 2025-12-12

Please check your schedule and adjust your plans accordingly.

Best regards,
ClassWave Team 🔔
-------------------------------------------------------------------------------
Content-Type: text/plain; charset="utf-8"
MIME-Version: 1.0
Content-Transfer-Encoding: 8bit
Subject: 
 =?utf-8?q?=F0=9F=93=85_Schedule_Update=3A_Android_Application_Development?=
From: ClassWave <velmalaanjalivelmala@gmail.com>
To: pranayayadav11@gmail.com
Date: Sat, 13 Dec 2025 06:44:14 -0000
Message-ID: <176560825489.20296.4387162385849399876@manisha>

⚠️ SCHEDULE UPDATE ALERT ⚠️

A schedule you're enrolled in has been updated!

Subject: Android Application Development
Topic: Persistent Storage using application specific folders and files,creating files, reading data from files
New Date: December 12, 2025
New Time: 10:25 AM - 11:20 AM
Lecturer: Mehrunissa

Changes Made:
  • Date: 2025-12-11 → 2025-12-12

Please check your schedule and adjust your plans accordingly.

Best regards,
ClassWave Team 🔔
-------------------------------------------------------------------------------
Content-Type: text/plain; charset="utf-8"
MIME-Version: 1.0
Content-Transfer-Encoding: 8bit
Subject: 
 =?utf-8?q?=F0=9F=93=85_Schedule_Update=3A_Android_Application_Development?=
From: ClassWave <velmalaanjalivelmala@gmail.com>
To: anushamudhiraj7687@gmail.com
Date: Sat, 13 Dec 2025 06:44:14 -0000
Message-ID: <176560825491.20296.15185454581993252551@manisha>

⚠️ SCHEDULE UPDATE ALERT ⚠️

A schedule you're enrolled in has been updated!

Subject: Android Application Development
Topic: Persistent Storage using application specific folders and files,creating files, reading data from files
New Date: December 12, 2025
New Time: 10:25 AM - 11:20 AM
Lecturer: Mehrunissa

Changes Made:
  • Date: 2025-12-11 → 2025-12-12

Please check your schedule and adjust your plans accordingly.

Best regards,
ClassWave Team 🔔
-------------------------------------------------------------------------------
