Content-Type: text/plain; charset="utf-8"
MIME-Version: 1.0
Content-Transfer-Encoding: 8bit
Subject: =?utf-8?q?=F0=9F=93=85_Schedule_Update=3A_Software_Engineering?=
From: ClassWave <velmalaanjalivelmala@gmail.com>
To: pranayayadav11@gmail.com
Date: Sat, 13 Dec 2025 06:37:26 -0000
Message-ID: <176560784681.20296.10339679427365503186@manisha>

⚠️ SCHEDULE UPDATE ALERT ⚠️

A schedule you're enrolled in has been updated!

Subject: Software Engineering
Topic: Testing strategies for convolutional software,Validation testing,System testing
New Date: December 17, 2025
New Time: 01:55 PM - 02:50 PM
Lecturer: Sirisha

Changes Made:
  • Date: 2025-12-15 → 2025-12-17

Please check your schedule and adjust your plans accordingly.

Best regards,
ClassWave Team 🔔
-------------------------------------------------------------------------------
