Content-Type: text/plain; charset="utf-8"
MIME-Version: 1.0
Content-Transfer-Encoding: 8bit
Subject: =?utf-8?q?=F0=9F=93=85_Schedule_Update=3A_Operation_Research?=
From: ClassWave <velmalaanjalivelmala@gmail.com>
To: phularivaishnavi2004@gmail.com
Date: Sat, 13 Dec 2025 06:41:46 -0000
Message-ID: <176560810686.20296.5577200953787174087@manisha>

⚠️ SCHEDULE UPDATE ALERT ⚠️

A schedule you're enrolled in has been updated!

Subject: Operation Research
Topic: significance of using PERT/CPM and phases of project management
New Date: December 19, 2025
New Time: 01:00 PM - 01:55 PM
Lecturer: Mr.G.Patrick

Changes Made:
  • Date: 2025-12-17 → 2025-12-19

Please check your schedule and adjust your plans accordingly.

Best regards,
ClassWave Team 🔔
-------------------------------------------------------------------------------
Content-Type: text/plain; charset="utf-8"
MIME-Version: 1.0
Content-Transfer-Encoding: 8bit
Subject: =?utf-8?q?=F0=9F=93=85_Schedule_Update=3A_Operation_Research?=
From: ClassWave <velmalaanjalivelmala@gmail.com>
To: revathiadulla@gmail.com
Date: Sat, 13 Dec 2025 06:41:46 -0000
Message-ID: <176560810687.20296.1447908544898673197@manisha>

⚠️ SCHEDULE UPDATE ALERT ⚠️

A schedule you're enrolled in has been updated!

Subject: Operation Research
Topic: significance of using PERT/CPM and phases of project management
New Date: December 19, 2025
New Time: 01:00 PM - 01:55 PM
Lecturer: Mr.G.Patrick

Changes Made:
  • Date: 2025-12-17 → 2025-12-19

Please check your schedule and adjust your plans accordingly.

Best regards,
ClassWave Team 🔔
-------------------------------------------------------------------------------
Content-Type: text/plain; charset="utf-8"
MIME-Version: 1.0
Content-Transfer-Encoding: 8bit
Subject: =?utf-8?q?=F0=9F=93=85_Schedule_Update=3A_Operation_Research?=
From: ClassWave <velmalaanjalivelmala@gmail.com>
To: anushamudhiraj7687@gmail.com
Date: Sat, 13 Dec 2025 06:41:46 -0000
Message-ID: <176560810689.20296.15903608759805453338@manisha>

⚠️ SCHEDULE UPDATE ALERT ⚠️

A schedule you're enrolled in has been updated!

Subject: Operation Research
Topic: significance of using PERT/CPM and phases of project management
New Date: December 19, 2025
New Time: 01:00 PM - 01:55 PM
Lecturer: Mr.G.Patrick

Changes Made:
  • Date: 2025-12-17 → 2025-12-19

Please check your schedule and adjust your plans accordingly.

Best regards,
ClassWave Team 🔔
-------------------------------------------------------------------------------
