Content-Type: text/plain; charset="utf-8"
MIME-Version: 1.0
Content-Transfer-Encoding: 8bit
Subject: =?utf-8?q?=F0=9F=93=85_Schedule_Update=3A_Deep_Learning?=
From: ClassWave <velmalaanjalivelmala@gmail.com>
To: phularivaishnavi2004@gmail.com
Date: Sat, 13 Dec 2025 06:29:55 -0000
Message-ID: <176560739518.20296.7993847612456190958@manisha>

⚠️ SCHEDULE UPDATE ALERT ⚠️

A schedule you're enrolled in has been updated!

Subject: Deep Learning
Topic: single shot multiboxdetection(SSD), region based cnns(R-cnns)
New Date: December 12, 2025
New Time: 11:20 AM - 03:45 PM
Lecturer: DLPrasad

Changes Made:
  • Date: 2025-12-11 → 2025-12-12
  • Start Time: 13:00:00 → 11:20:00

Please check your schedule and adjust your plans accordingly.

Best regards,
ClassWave Team 🔔
-------------------------------------------------------------------------------
