Content-Type: text/plain; charset="utf-8"
MIME-Version: 1.0
Content-Transfer-Encoding: 8bit
Subject: =?utf-8?q?=F0=9F=93=85_Schedule_Update=3A_Operation_Research?=
From: ClassWave <velmalaanjalivelmala@gmail.com>
To: phularivaishnavi2004@gmail.com
Date: Sat, 13 Dec 2025 06:42:17 -0000
Message-ID: <176560813783.20296.11292152785171984626@manisha>

⚠️ SCHEDULE UPDATE ALERT ⚠️

A schedule you're enrolled in has been updated!

Subject: Operation Research
Topic: PERT/CPM network components and precedence relationships
New Date: December 20, 2025
New Time: 09:30 AM - 10:25 AM
Lecturer: Mr.G.Patrick

Changes Made:
  • Date: 2025-12-18 → 2025-12-20

Please check your schedule and adjust your plans accordingly.

Best regards,
ClassWave Team 🔔
-------------------------------------------------------------------------------
Content-Type: text/plain; charset="utf-8"
MIME-Version: 1.0
Content-Transfer-Encoding: 8bit
Subject: =?utf-8?q?=F0=9F=93=85_Schedule_Update=3A_Operation_Research?=
From: ClassWave <velmalaanjalivelmala@gmail.com>
To: revathiadulla@gmail.com
Date: Sat, 13 Dec 2025 06:42:17 -0000
Message-ID: <176560813784.20296.9150419483481586725@manisha>

⚠️ SCHEDULE UPDATE ALERT ⚠️

A schedule you're enrolled in has been updated!

Subject: Operation Research
Topic: PERT/CPM network components and precedence relationships
New Date: December 20, 2025
New Time: 09:30 AM - 10:25 AM
Lecturer: Mr.G.Patrick

Changes Made:
  • Date: 2025-12-18 → 2025-12-20

Please check your schedule and adjust your plans accordingly.

Best regards,
ClassWave Team 🔔
-------------------------------------------------------------------------------
Content-Type: text/plain; charset="utf-8"
MIME-Version: 1.0
Content-Transfer-Encoding: 8bit
Subject: =?utf-8?q?=F0=9F=93=85_Schedule_Update=3A_Operation_Research?=
From: ClassWave <velmalaanjalivelmala@gmail.com>
To: pranayayadav11@gmail.com
Date: Sat, 13 Dec 2025 06:42:17 -0000
Message-ID: <176560813785.20296.5280532944206005487@manisha>

⚠️ SCHEDULE UPDATE ALERT ⚠️

A schedule you're enrolled in has been updated!

Subject: Operation Research
Topic: PERT/CPM network components and precedence relationships
New Date: December 20, 2025
New Time: 09:30 AM - 10:25 AM
Lecturer: Mr.G.Patrick

Changes Made:
  • Date: 2025-12-18 → 2025-12-20

Please check your schedule and adjust your plans accordingly.

Best regards,
ClassWave Team 🔔
-------------------------------------------------------------------------------
Content-Type: text/plain; charset="utf-8"
MIME-Version: 1.0
Content-Transfer-Encoding: 8bit
Subject: =?utf-8?q?=F0=9F=93=85_Schedule_Update=3A_Operation_Research?=
From: ClassWave <velmalaanjalivelmala@gmail.com>
To: anushamudhiraj7687@gmail.com
Date: Sat, 13 Dec 2025 06:42:17 -0000
Message-ID: <176560813786.20296.17302341671611595469@manisha>

⚠️ SCHEDULE UPDATE ALERT ⚠️

A schedule you're enrolled in has been updated!

Subject: Operation Research
Topic: PERT/CPM network components and precedence relationships
New Date: December 20, 2025
New Time: 09:30 AM - 10:25 AM
Lecturer: Mr.G.Patrick

Changes Made:
  • Date: 2025-12-18 → 2025-12-20

Please check your schedule and adjust your plans accordingly.

Best regards,
ClassWave Team 🔔
-------------------------------------------------------------------------------
