Content-Type: text/plain; charset="utf-8"
MIME-Version: 1.0
Content-Transfer-Encoding: 8bit
Subject: =?utf-8?q?=F0=9F=93=85_Schedule_Update=3A_Information_Security?=
From: ClassWave <velmalaanjalivelmala@gmail.com>
To: phularivaishnavi2004@gmail.com
Date: Sat, 13 Dec 2025 06:47:23 -0000
Message-ID: <176560844384.20296.4703318394894935922@manisha>

⚠️ SCHEDULE UPDATE ALERT ⚠️

A schedule you're enrolled in has been updated!

Subject: Information Security
Topic: intrusion detection, access control, other security
New Date: December 16, 2025
New Time: 10:25 AM - 11:20 AM
Lecturer: Mehrunissa

Changes Made:
  • Date: 2025-12-13 → 2025-12-16

Please check your schedule and adjust your plans accordingly.

Best regards,
ClassWave Team 🔔
-------------------------------------------------------------------------------
Content-Type: text/plain; charset="utf-8"
MIME-Version: 1.0
Content-Transfer-Encoding: 8bit
Subject: =?utf-8?q?=F0=9F=93=85_Schedule_Update=3A_Information_Security?=
From: ClassWave <velmalaanjalivelmala@gmail.com>
To: revathiadulla@gmail.com
Date: Sat, 13 Dec 2025 06:47:23 -0000
Message-ID: <176560844385.20296.16426732181758549165@manisha>

⚠️ SCHEDULE UPDATE ALERT ⚠️

A schedule you're enrolled in has been updated!

Subject: Information Security
Topic: intrusion detection, access control, other security
New Date: December 16, 2025
New Time: 10:25 AM - 11:20 AM
Lecturer: Mehrunissa

Changes Made:
  • Date: 2025-12-13 → 2025-12-16

Please check your schedule and adjust your plans accordingly.

Best regards,
ClassWave Team 🔔
-------------------------------------------------------------------------------
Content-Type: text/plain; charset="utf-8"
MIME-Version: 1.0
Content-Transfer-Encoding: 8bit
Subject: =?utf-8?q?=F0=9F=93=85_Schedule_Update=3A_Information_Security?=
From: ClassWave <velmalaanjalivelmala@gmail.com>
To: anushamudhiraj7687@gmail.com
Date: Sat, 13 Dec 2025 06:47:23 -0000
Message-ID: <176560844386.20296.14214762822360539870@manisha>

⚠️ SCHEDULE UPDATE ALERT ⚠️

A schedule you're enrolled in has been updated!

Subject: Information Security
Topic: intrusion detection, access control, other security
New Date: December 16, 2025
New Time: 10:25 AM - 11:20 AM
Lecturer: Mehrunissa

Changes Made:
  • Date: 2025-12-13 → 2025-12-16

Please check your schedule and adjust your plans accordingly.

Best regards,
ClassWave Team 🔔
-------------------------------------------------------------------------------
