Content-Type: text/plain; charset="utf-8"
MIME-Version: 1.0
Content-Transfer-Encoding: 8bit
Subject: =?utf-8?q?=F0=9F=93=85_Schedule_Update=3A_Information_Security?=
From: ClassWave <velmalaanjalivelmala@gmail.com>
To: pranayayadav11@gmail.com
Date: Sat, 13 Dec 2025 06:49:52 -0000
Message-ID: <176560859200.20296.8762968420106796294@manisha>

⚠️ SCHEDULE UPDATE ALERT ⚠️

A schedule you're enrolled in has been updated!

Subject: Information Security
Topic: cryptographic algorithms and tools
New Date: December 23, 2025
New Time: 10:25 AM - 11:20 AM
Lecturer: Mehrunissa

Changes Made:
  • Date: 2025-12-20 → 2025-12-23

Please check your schedule and adjust your plans accordingly.

Best regards,
ClassWave Team 🔔
-------------------------------------------------------------------------------
