Content-Type: text/plain; charset="utf-8"
MIME-Version: 1.0
Content-Transfer-Encoding: 8bit
Subject: =?utf-8?q?=F0=9F=93=85_Schedule_Update=3A_Internet_Technologies?=
From: ClassWave <velmalaanjalivelmala@gmail.com>
To: pranayayadav11@gmail.com
Date: Sat, 13 Dec 2025 06:52:06 -0000
Message-ID: <176560872606.20296.15514423876927046082@manisha>

⚠️ SCHEDULE UPDATE ALERT ⚠️

A schedule you're enrolled in has been updated!

Subject: Internet Technologies
Topic: project setup
New Date: December 16, 2025
New Time: 01:00 PM - 03:45 PM
Lecturer: Kavitha

Changes Made:
  • Date: 2025-12-13 → 2025-12-16

Please check your schedule and adjust your plans accordingly.

Best regards,
ClassWave Team 🔔
-------------------------------------------------------------------------------
