Content-Type: text/plain; charset="utf-8"
MIME-Version: 1.0
Content-Transfer-Encoding: 8bit
Subject: =?utf-8?q?=F0=9F=93=85_Schedule_Update=3A_Deep_Learning?=
From: ClassWave <velmalaanjalivelmala@gmail.com>
To: revathiadulla@gmail.com
Date: Sat, 13 Dec 2025 06:30:14 -0000
Message-ID: <176560741471.20296.4689185699937799461@manisha>

⚠️ SCHEDULE UPDATE ALERT ⚠️

A schedule you're enrolled in has been updated!

Subject: Deep Learning
Topic: Semantic segmentation and the datset, transposed convolution
New Date: December 15, 2025
New Time: 11:20 AM - 12:15 PM
Lecturer: DLPrasad

Changes Made:
  • Date: 2025-12-12 → 2025-12-15

Please check your schedule and adjust your plans accordingly.

Best regards,
ClassWave Team 🔔
-------------------------------------------------------------------------------
