Content-Type: text/plain; charset="utf-8"
MIME-Version: 1.0
Content-Transfer-Encoding: 7bit
Subject: =?utf-8?q?=E2=8F=B0_Future_Scheduling_Test_-_A=2ERevathi?=
From: ClassWave <velmalaanjalivelmala@gmail.com>
To: revathiadulla@gmail.com
Date: Sat, 13 Dec 2025 15:50:13 -0000
Message-ID: <176564101356.7540.4609755020505971077@manisha>


        Reminder: You have a class scheduled!
        
        Date: December 12, 2025
        Time: 01:00 PM - 01:55 PM
        Subject: Internet Technologies
        Topic: Angular-Overview, environment setup
        Lecturer: Kavitha
        
-------------------------------------------------------------------------------
Content-Type: text/plain; charset="utf-8"
MIME-Version: 1.0
Content-Transfer-Encoding: 7bit
Subject: =?utf-8?q?=E2=8F=B0_Future_Scheduling_Test_-_vaishnavi?=
From: ClassWave <velmalaanjalivelmala@gmail.com>
To: phularivaishnavi2004@gmail.com
Date: Sat, 13 Dec 2025 15:50:13 -0000
Message-ID: <176564101382.7540.1477668238995208075@manisha>


        Reminder: You have a class scheduled!
        
        Date: December 13, 2025
        Time: 09:30 AM - 10:25 AM
        Subject: Deep Learning
        Topic: fully convolutional network, neural style transfer
        Lecturer: DLPrasad
        
-------------------------------------------------------------------------------
