Content-Type: text/plain; charset="utf-8"
MIME-Version: 1.0
Content-Transfer-Encoding: 7bit
Subject: =?utf-8?q?=E2=8F=B0_Future_Scheduling_Test_-_A=2ERevathi?=
From: ClassWave <velmalaanjalivelmala@gmail.com>
To: revathiadulla@gmail.com
Date: Sat, 13 Dec 2025 15:50:13 -0000
Message-ID: <176564101351.7540.13949022560391549434@manisha>


        Reminder: You have a class scheduled!
        
        Date: December 13, 2025
        Time: 09:30 AM - 10:25 AM
        Subject: Deep Learning
        Topic: fully convolutional network, neural style transfer
        Lecturer: DLPrasad
        
-------------------------------------------------------------------------------
Content-Type: text/plain; charset="utf-8"
MIME-Version: 1.0
Content-Transfer-Encoding: 7bit
Subject: =?utf-8?q?=E2=8F=B0_Future_Scheduling_Test_-_vaishnavi?=
From: ClassWave <velmalaanjalivelmala@gmail.com>
To: phularivaishnavi2004@gmail.com
Date: Sat, 13 Dec 2025 15:50:13 -0000
Message-ID: <176564101377.7540.11965886147630774650@manisha>


        Reminder: You have a class scheduled!
        
        Date: December 13, 2025
        Time: 01:00 PM - 03:45 PM
        Subject: Internet Technologies
        Topic: project setup
        Lecturer: Kavitha
        
-------------------------------------------------------------------------------
Content-Type: text/plain; charset="utf-8"
MIME-Version: 1.0
Content-Transfer-Encoding: 7bit
Subject: =?utf-8?q?=E2=8F=B0_Future_Scheduling_Test_-_vaishnavi?=
From: ClassWave <velmalaanjalivelmala@gmail.com>
To: phularivaishnavi2004@gmail.com
Date: Sat, 13 Dec 2025 15:50:13 -0000
Message-ID: <176564101392.7540.3249925823733549897@manisha>


        Reminder: You have a class scheduled!
        
        Date: December 11, 2025
        Time: 10:25 AM - 11:20 AM
        Subject: Android Application Development
        Topic: Persistent Storage using application specific folders and files,creating files, reading data from files
        Lecturer: Mehrunissa
        
-------------------------------------------------------------------------------
