Content-Type: text/plain; charset="utf-8"
MIME-Version: 1.0
Content-Transfer-Encoding: 8bit
Subject: =?utf-8?q?=F0=9F=93=85_Schedule_Update=3A_Software_Engineering?=
From: ClassWave <velmalaanjalivelmala@gmail.com>
To: phularivaishnavi2004@gmail.com
Date: Sat, 13 Dec 2025 06:37:02 -0000
Message-ID: <176560782290.20296.3273242305500323817@manisha>

⚠️ SCHEDULE UPDATE ALERT ⚠️

A schedule you're enrolled in has been updated!

Subject: Software Engineering
Topic: A strategic approach to software testing
New Date: December 15, 2025
New Time: 01:55 PM - 02:50 PM
Lecturer: Sirisha

Changes Made:
  • Date: 2025-12-12 → 2025-12-15

Please check your schedule and adjust your plans accordingly.

Best regards,
ClassWave Team 🔔
-------------------------------------------------------------------------------
Content-Type: text/plain; charset="utf-8"
MIME-Version: 1.0
Content-Transfer-Encoding: 8bit
Subject: =?utf-8?q?=F0=9F=93=85_Schedule_Update=3A_Software_Engineering?=
From: ClassWave <velmalaanjalivelmala@gmail.com>
To: revathiadulla@gmail.com
Date: Sat, 13 Dec 2025 06:37:02 -0000
Message-ID: <176560782291.20296.13055827055167417696@manisha>

⚠️ SCHEDULE UPDATE ALERT ⚠️

A schedule you're enrolled in has been updated!

Subject: Software Engineering
Topic: A strategic approach to software testing
New Date: December 15, 2025
New Time: 01:55 PM - 02:50 PM
Lecturer: Sirisha

Changes Made:
  • Date: 2025-12-12 → 2025-12-15

Please check your schedule and adjust your plans accordingly.

Best regards,
ClassWave Team 🔔
-------------------------------------------------------------------------------
Content-Type: text/plain; charset="utf-8"
MIME-Version: 1.0
Content-Transfer-Encoding: 8bit
Subject: =?utf-8?q?=F0=9F=93=85_Schedule_Update=3A_Software_Engineering?=
From: ClassWave <velmalaanjalivelmala@gmail.com>
To: anushamudhiraj7687@gmail.com
Date: Sat, 13 Dec 2025 06:37:02 -0000
Message-ID: <176560782293.20296.9996417708628892123@manisha>

⚠️ SCHEDULE UPDATE ALERT ⚠️

A schedule you're enrolled in has been updated!

Subject: Software Engineering
Topic: A strategic approach to software testing
New Date: December 15, 2025
New Time: 01:55 PM - 02:50 PM
Lecturer: Sirisha

Changes Made:
  • Date: 2025-12-12 → 2025-12-15

Please check your schedule and adjust your plans accordingly.

Best regards,
ClassWave Team 🔔
-------------------------------------------------------------------------------
