Content-Type: text/plain; charset="utf-8"
MIME-Version: 1.0
Content-Transfer-Encoding: 8bit
Subject: =?utf-8?q?=F0=9F=93=85_Schedule_Update=3A_Deep_Learning?=
From: ClassWave <velmalaanjalivelmala@gmail.com>
To: revathiadulla@gmail.com
Date: Sat, 13 Dec 2025 06:31:06 -0000
Message-ID: <176560746674.20296.5585909445718383305@manisha>

⚠️ SCHEDULE UPDATE ALERT ⚠️

A schedule you're enrolled in has been updated!

Subject: Deep Learning
Topic: Image classification(CIFAR-10) on kaggle
New Date: December 18, 2025
New Time: 10:25 AM - 11:20 AM
Lecturer: DLPrasad

Changes Made:
  • Date: 2025-12-16 → 2025-12-18

Please check your schedule and adjust your plans accordingly.

Best regards,
ClassWave Team 🔔
-------------------------------------------------------------------------------
