Content-Type: text/plain; charset="utf-8"
MIME-Version: 1.0
Content-Transfer-Encoding: 8bit
Subject: 
 =?utf-8?q?=F0=9F=93=85_Your_Schedule_for_Saturday=2C_December_13=2C_2025?=
From: ClassWave <noreply@classwave.com>
To: anushamudhiraj7687@gmail.com
Date: Sat, 13 Dec 2025 05:42:41 -0000
Message-ID: <176560456151.13680.13553967415887445717@manisha>


📅 YOUR SCHEDULE FOR Saturday, December 13, 2025

You have 3 classes today:


1. Deep Learning
   📚 Topic: fully convolutional network, neural style transfer
   ⏰ Time: 09:30 AM - 10:25 AM
   👨‍🏫 Lecturer: DLPrasad
   📍 Department: MCA
   🎓 Batch: 2024-2026


2. Information Security
   📚 Topic: intrusion detection, access control, other security
   ⏰ Time: 10:25 AM - 11:20 AM
   👨‍🏫 Lecturer: Mehrunissa
   📍 Department: MCA
   🎓 Batch: 2024-2026


3. Internet Technologies
   📚 Topic: project setup
   ⏰ Time: 01:00 PM - 03:45 PM
   👨‍🏫 Lecturer: Kavitha
   📍 Department: MCA
   🎓 Batch: 2024-2026


💡 Tip: Check your calendar for more details!

Have a great day! 🎓

-------------------------------------------------------------------------------
